<?xml version="1.0" encoding="UTF-8"?>
<testExecutions version="1">
  <file path="/Users/Joao/Programs/angular-test/src/app/admin/user/pages/user-detail/user-detail.component.spec.ts">
    <testCase name="UserDetailComponent should create" duration="68"/>
    <testCase name="UserDetailComponent name should be required" duration="58"/>
    <testCase name="UserDetailComponent gender should be required" duration="40"/>
    <testCase name="UserDetailComponent gender should be of enum Gender" duration="30"/>
    <testCase name="UserDetailComponent activated should be required" duration="34"/>
    <testCase name="UserDetailComponent should create the from" duration="37"/>
  </file>
</testExecutions>