<?xml version="1.0" encoding="UTF-8"?>
<testExecutions version="1">
  <file path="/Users/Joao/Programs/angular-test/src/app/admin/user/pages/user-list/user-list.component.spec.ts">
    <testCase name="UserListComponent should create" duration="46"/>
  </file>
</testExecutions>